# JRE version: OpenJDK Runtime Environment (21.0.5) (build 21.0.5+-12932927-b750.29)
# Java VM: OpenJDK 64-Bit Server VM (21.0.5+-12932927-b750.29, mixed mode, tiered, compressed oops, compressed class ptrs, g1 gc, linux-amd64)
GC Precious Log:
 CardTable entry size: 512
 Card Set container configuration: InlinePtr #cards 5 size 8 Array Of Cards #cards 12 size 40 Howl #buckets 4 coarsen threshold 1843 Howl Bitmap #cards 512 size 80 coarsen threshold 460 Card regions per heap region 1 cards per card region 2048
 CPUs: 16 total, 4 available
 Memory: 5867M
 Large Page Support: Disabled
 NUMA Support: Disabled
 Compressed Oops: Enabled (32-bit)
 Heap Region Size: 1M
 Heap Min Capacity: 8M
 Heap Initial Capacity: 92M
 Heap Max Capacity: 2G
 Pre-touch: Disabled
 Parallel Workers: 4
 Concurrent Workers: 1
 Concurrent Refinement Workers: 4
 Periodic GC: Disabled
Heap:
 garbage-first heap   total 241664K, used 154891K [0x0000000080000000, 0x0000000100000000)
  region size 1024K, 42 young (43008K), 6 survivors (6144K)
 Metaspace       used 122704K, committed 124864K, reserved 1179648K
  class space    used 16359K, committed 17472K, reserved 1048576K
GC Heap History (20 events):
Event: 51,266 GC heap before
{Heap before GC invocations=38 (full 0):
 garbage-first heap   total 150528K, used 138216K [0x0000000080000000, 0x0000000100000000)
  region size 1024K, 46 young (47104K), 2 survivors (2048K)
 Metaspace       used 97695K, committed 99648K, reserved 1179648K
  class space    used 13277K, committed 14272K, reserved 1048576K
}
Event: 51,290 GC heap after
{Heap after GC invocations=39 (full 0):
 garbage-first heap   total 150528K, used 91739K [0x0000000080000000, 0x0000000100000000)
  region size 1024K, 3 young (3072K), 3 survivors (3072K)
 Metaspace       used 97695K, committed 99648K, reserved 1179648K
  class space    used 13277K, committed 14272K, reserved 1048576K
}
Event: 53,072 GC heap before
{Heap before GC invocations=39 (full 0):
 garbage-first heap   total 150528K, used 137819K [0x0000000080000000, 0x0000000100000000)
  region size 1024K, 48 young (49152K), 3 survivors (3072K)
 Metaspace       used 100996K, committed 103040K, reserved 1179648K
  class space    used 13761K, committed 14784K, reserved 1048576K
}
Event: 53,103 GC heap after
{Heap after GC invocations=40 (full 0):
 garbage-first heap   total 150528K, used 93754K [0x0000000080000000, 0x0000000100000000)
  region size 1024K, 5 young (5120K), 5 survivors (5120K)
 Metaspace       used 100996K, committed 103040K, reserved 1179648K
  class space    used 13761K, committed 14784K, reserved 1048576K
}
Event: 54,810 GC heap before
{Heap before GC invocations=41 (full 0):
 garbage-first heap   total 157696K, used 135738K [0x0000000080000000, 0x0000000100000000)
  region size 1024K, 46 young (47104K), 5 survivors (5120K)
 Metaspace       used 103843K, committed 105920K, reserved 1179648K
  class space    used 14230K, committed 15296K, reserved 1048576K
}
Event: 54,857 GC heap after
{Heap after GC invocations=42 (full 0):
 garbage-first heap   total 157696K, used 96734K [0x0000000080000000, 0x0000000100000000)
  region size 1024K, 5 young (5120K), 5 survivors (5120K)
 Metaspace       used 103843K, committed 105920K, reserved 1179648K
  class space    used 14230K, committed 15296K, reserved 1048576K
}
Event: 56,979 GC heap before
{Heap before GC invocations=42 (full 0):
 garbage-first heap   total 157696K, used 142814K [0x0000000080000000, 0x0000000100000000)
  region size 1024K, 50 young (51200K), 5 survivors (5120K)
 Metaspace       used 108509K, committed 110656K, reserved 1179648K
  class space    used 14873K, committed 15936K, reserved 1048576K
}
Event: 57,020 GC heap after
{Heap after GC invocations=43 (full 0):
 garbage-first heap   total 189440K, used 98519K [0x0000000080000000, 0x0000000100000000)
  region size 1024K, 6 young (6144K), 6 survivors (6144K)
 Metaspace       used 108509K, committed 110656K, reserved 1179648K
  class space    used 14873K, committed 15936K, reserved 1048576K
}
Event: 58,982 GC heap before
{Heap before GC invocations=43 (full 0):
 garbage-first heap   total 189440K, used 153815K [0x0000000080000000, 0x0000000100000000)
  region size 1024K, 62 young (63488K), 6 survivors (6144K)
 Metaspace       used 111824K, committed 113920K, reserved 1179648K
  class space    used 15258K, committed 16320K, reserved 1048576K
}
Event: 59,052 GC heap after
{Heap after GC invocations=44 (full 0):
 garbage-first heap   total 189440K, used 105092K [0x0000000080000000, 0x0000000100000000)
  region size 1024K, 10 young (10240K), 10 survivors (10240K)
 Metaspace       used 111824K, committed 113920K, reserved 1179648K
  class space    used 15258K, committed 16320K, reserved 1048576K
}
Event: 62,406 GC heap before
{Heap before GC invocations=45 (full 0):
 garbage-first heap   total 189440K, used 172676K [0x0000000080000000, 0x0000000100000000)
  region size 1024K, 72 young (73728K), 10 survivors (10240K)
 Metaspace       used 115119K, committed 117312K, reserved 1179648K
  class space    used 15610K, committed 16704K, reserved 1048576K
}
Event: 62,478 GC heap after
{Heap after GC invocations=46 (full 0):
 garbage-first heap   total 192512K, used 112830K [0x0000000080000000, 0x0000000100000000)
  region size 1024K, 8 young (8192K), 8 survivors (8192K)
 Metaspace       used 115119K, committed 117312K, reserved 1179648K
  class space    used 15610K, committed 16704K, reserved 1048576K
}
Event: 64,246 GC heap before
{Heap before GC invocations=46 (full 0):
 garbage-first heap   total 192512K, used 172222K [0x0000000080000000, 0x0000000100000000)
  region size 1024K, 67 young (68608K), 8 survivors (8192K)
 Metaspace       used 115723K, committed 117888K, reserved 1179648K
  class space    used 15720K, committed 16832K, reserved 1048576K
}
Event: 64,303 GC heap after
{Heap after GC invocations=47 (full 0):
 garbage-first heap   total 192512K, used 114565K [0x0000000080000000, 0x0000000100000000)
  region size 1024K, 6 young (6144K), 6 survivors (6144K)
 Metaspace       used 115723K, committed 117888K, reserved 1179648K
  class space    used 15720K, committed 16832K, reserved 1048576K
}
Event: 65,928 GC heap before
{Heap before GC invocations=47 (full 0):
 garbage-first heap   total 192512K, used 172933K [0x0000000080000000, 0x0000000100000000)
  region size 1024K, 64 young (65536K), 6 survivors (6144K)
 Metaspace       used 116098K, committed 118272K, reserved 1179648K
  class space    used 15761K, committed 16832K, reserved 1048576K
}
Event: 65,982 GC heap after
{Heap after GC invocations=48 (full 0):
 garbage-first heap   total 192512K, used 117352K [0x0000000080000000, 0x0000000100000000)
  region size 1024K, 6 young (6144K), 6 survivors (6144K)
 Metaspace       used 116098K, committed 118272K, reserved 1179648K
  class space    used 15761K, committed 16832K, reserved 1048576K
}
Event: 67,277 GC heap before
{Heap before GC invocations=49 (full 0):
 garbage-first heap   total 198656K, used 172648K [0x0000000080000000, 0x0000000100000000)
  region size 1024K, 61 young (62464K), 6 survivors (6144K)
 Metaspace       used 116164K, committed 118272K, reserved 1179648K
  class space    used 15765K, committed 16832K, reserved 1048576K
}
Event: 67,306 GC heap after
{Heap after GC invocations=50 (full 0):
 garbage-first heap   total 198656K, used 119276K [0x0000000080000000, 0x0000000100000000)
  region size 1024K, 5 young (5120K), 5 survivors (5120K)
 Metaspace       used 116164K, committed 118272K, reserved 1179648K
  class space    used 15765K, committed 16832K, reserved 1048576K
}
Event: 70,465 GC heap before
{Heap before GC invocations=50 (full 0):
 garbage-first heap   total 198656K, used 180716K [0x0000000080000000, 0x0000000100000000)
  region size 1024K, 66 young (67584K), 5 survivors (5120K)
 Metaspace       used 122060K, committed 124224K, reserved 1179648K
  class space    used 16336K, committed 17408K, reserved 1048576K
}
Event: 70,531 GC heap after
{Heap after GC invocations=51 (full 0):
 garbage-first heap   total 241664K, used 119051K [0x0000000080000000, 0x0000000100000000)
  region size 1024K, 6 young (6144K), 6 survivors (6144K)
 Metaspace       used 122060K, committed 124224K, reserved 1179648K
  class space    used 16336K, committed 17408K, reserved 1048576K
}

